( INT,    0,    5 )
( CSP,    0,    0 )
( STO,    0,    3 )
( CSP,    0,    0 )
( STO,    0,    4 )
( LOD,    0,    3 )
( LOD,    0,    4 )
( CAL,    1,    1 ) // f(x,y)
( CSP,    0,    1 )
( CSP,    0,    2 )
( OPR,    0,    0 )
( LAB,    0,    1 ) // f(x,y) = f(x-1,y+2)+x f(0,y)=y
( INT,    0,    3 )
( LOD,    0,   -2 ) // x
( LIT,    0,    0 ) // 0
( OPR,    0,    8 ) // x==0
( JPC,    0,    2 )
( LOD,    0,   -1 ) // y
( RET,    0,    1 ) // ret y
( LAB,    0,    2 )
( LOD,    0,   -2 ) // x
( LIT,    0,    1 )
( OPR,    0,    3 ) // x-1
( LOD,    0,   -1 ) // y
( LIT,    0,    2 ) // 2
( OPR,    0,    2 ) // y+2
( CAL,    1,    1 ) // f(x-1,y+2)
( LOD,    0,   -2 ) // x
( OPR,    0,    2 ) // x+f(x-1,y+2)
( RET,    0,    1 ) 
( OPR,    0,    0 ) 
