( INT,    0,    4 )
( CSP,    0,    0 )
( STO,    0,    3 )
( LOD,    0,    3 )
( CAL,    1,    1 )
( CSP,    0,    1 )
( CSP,    0,    2 )
( OPR,    0,    0 )
( LAB,    0,    1 ) // f(n)=f(n-1)+f(n-2) f(0)=f(1)=1
( INT,    0,    3 )
( LOD,    0,   -1 )
( LIT,    0,    0 )
( OPR,    0,    9 )
( JPC,    0,    2 )
( LOD,    0,   -1 )
( LIT,    0,    1 )
( OPR,    0,    9 )
( JPC,    0,    2 )
( LOD,    0,   -1 )
( LIT,    0,    1 )
( OPR,    0,    3 )
( CAL,    1,    1 )
( LOD,    0,   -1 )
( LIT,    0,    2 )
( OPR,    0,    3 )
( CAL,    1,    1 )
( OPR,    0,    2 )
( RET,    0,    1 ) 
( OPR,    0,    0 ) 
( LAB,    0,    2 )
( LIT,    0,    1 )
( RET,    0,    1 )
