( INT,    0,    3 )
( CSP,    0,    0 )
( CAL,    1,  100 )
( CSP,    0,    1 )
( CSP,    0,    2 )
( OPR,    0,    0 )
( LAB,    0,  100 ) // f(n)=g(n-1)+n,g(n)=f(n-1)*n f(0)=g(0)=1
( INT,    0,    3 )
( LOD,    0,   -1 ) // n
( LIT,    0,    0 ) // 0
( OPR,    0,    9 ) // n!=0
( JPC,    0,  102 )
( LOD,    0,   -1 ) // n
( LIT,    0,    1 ) // 1
( OPR,    0,    3 ) // n-1
( CAL,    1,  101 ) // g(n-1)
( LOD,    0,   -1 ) // n
( OPR,    0,    2 ) // g(n-1)+n
( RET,    0,    1 )
( LAB,    0,  101 ) // g(n)=f(n-1)*n
( INT,    0,    3 )
( LOD,    0,   -1 ) // n
( LIT,    0,    0 ) // 0
( OPR,    0,    9 ) // n!=0
( JPC,    0,  102 )
( LOD,    0,   -1 ) // n
( LIT,    0,    1 ) // 1
( OPR,    0,    3 ) // n-1
( CAL,    1,  100 ) // f(n-1)
( LOD,    0,   -1 ) // n
( OPR,    0,    4 ) // f(n-1)*n
( RET,    0,    1 )
( LAB,    0,  102 )
( LIT,    0,    1 ) // 1
( RET,    0,    1 )

