( INT,    0,    3 )
( INT,    0,    1 ) // 以下 LOD,0,3で呼び出し STO,0,3で書き込み
( INT,    0,    1 ) // 以下 LOD,0,4で呼び出し STO,0,4で書き込み
( CSP,    0,    0 ) // 入力
( STO,    0,    3 )
( CSP,    0,    0 ) // 入力
( STO,    0,    4 )
( LAB,    0,  100 )
( LOD,    0,    3 )
( LOD,    0,    4 )
( OPR,    0,    8 ) // 比較 p=q
( JPC,    0,  101 ) // p=qなら
( LOD,    0,    3 )
( CSP,    0,    1 )
( CSP,    0,    2 )
( OPR,    0,    0 ) //出力して終了
( LAB,    0,  101 ) // p!qのとき
( LOD,    0,    3 )
( LOD,    0,    4 )
( OPR,    0,   10 ) // p<q なら入れ替え
( JPC,    0,  102 ) // elseなら飛ばす
( LOD,    0,    3 )
( LOD,    0,    4 )
( STO,    0,    3 )
( STO,    0,    4 )
( LAB,    0,  102 )
( LOD,    0,    3 )
( LOD,    0,    4 )
( OPR,    0,    3 ) // p-q
( STO,    0,    3 ) // 大きい方をp-qで上書き
( JMP,    0,  100 )