( INT,    0,    3 ) //作るプログラム int n,s=0; while(n>0){ s+=n; n--; } print(n);
( CSP,    0,    0 )  // n 以下 LOD,0,3で呼び出し STO,0,3で書き込み
( LIT,    0,    0 ) // 総和s LOD,0,4で呼び出し STO,0,4で書き込み
( LAB,    0,  100 )
( LOD,    0,    3 ) 
( LIT,    0,    0 )
( OPR,    0,   12 )
( JPC,    0,  101 ) // !(n>0)なら101へジャンプ
( LOD,    0,    4 ) 
( LOD,    0,    3 ) 
( OPR,    0,    2 ) 
( STO,    0,    4 ) // s=s+n 
( LOD,    0,    3 ) 
( LIT,    0,    1 )
( OPR,    0,    3 ) 
( STO,    0,    3 ) // n=n-1
( JMP,    0,  100 )
( LAB,    0,  101 )
( CSP,    0,    1 )
( CSP,    0,    2 )
( OPR,    0,    0 ) //出力して終了