( INT,    0,    3 )
( LIT,    0,    0 ) // 3..counter 
( INT,    0,    7 )
( CSP,    0,    0 ) //11-15..inputed
( CSP,    0,    0 )
( CSP,    0,    0 )
( CSP,    0,    0 )
( CSP,    0,    0 )
( LAB,    0,  201 )
( LOD,    0,    3 )
( LIT,    0,    5 )
( OPR,    0,   10 )
( JPC,    0,  202 )
( LOD,    0,    3 )
( LIT,    0,    1 )
( OPR,    0,    2 )
( STO,    0,    3 )
( LOD,    0,   11 )
( LOD,    0,   12 )
( OPR,    0,   12 ) // a>b
( JPC,    0,  101 ) // !(a>b)なら101へ 
( LOD,    0,   11 ) // swap(a,b)
( LOD,    0,   12 )
( STO,    0,   11 )
( STO,    0,   12 )
( LAB,    0,  101 )
( LOD,    0,   12 )
( LOD,    0,   13 )
( OPR,    0,   12 ) // a>b
( JPC,    0,  102 ) // !(a>b)なら102へ 
( LOD,    0,   12 ) // swap(a,b )
( LOD,    0,   13 )
( STO,    0,   12 )
( STO,    0,   13 )
( LAB,    0,  102 )
( LOD,    0,   13 )
( LOD,    0,   14 )
( OPR,    0,   12 ) // a>b
( JPC,    0,  103 ) // !(a>b)なら103へ 
( LOD,    0,   13 ) // swap(a,b)
( LOD,    0,   14 )
( STO,    0,   13 )
( STO,    0,   14 )
( LAB,    0,  103 )
( LOD,    0,   14 )
( LOD,    0,   15 )
( OPR,    0,   12 ) // a>b
( JPC,    0,  104 ) // !(a>b)なら104へ 
( LOD,    0,   14 ) // swap(a,b)
( LOD,    0,   15 )
( STO,    0,   14 )
( STO,    0,   15 )
( LAB,    0,  104 )
( JMP,    0,  201 )
( LAB,    0,  202 )
( LOD,    0,   11 )
( CSP,    0,    1 )
( CSP,    0,    2 )
( LOD,    0,   12 )
( CSP,    0,    1 )
( CSP,    0,    2 )
( LOD,    0,   13 )
( CSP,    0,    1 )
( CSP,    0,    2 )
( LOD,    0,   14 )
( CSP,    0,    1 )
( CSP,    0,    2 )
( LOD,    0,   15 )
( CSP,    0,    1 )
( CSP,    0,    2 )
( OPR,    0,    0 )