( INT,    0,    3 ) 
( CSP,    0,    0 )
( CAL,    1,    1 )
( CSP,    0,    1 )
( CSP,    0,    2 )
( OPR,    0,    0 )
( LAB,    0,    1 ) // f(n)=n+f(n-1)*2,f(0)=1
( INT,    0,    3 )
( LOD,    0,   -1 ) // n
( LIT,    0,    0 ) // 0
( OPR,    0,    8 ) // 0==n
( JPC,    0,    2 )
( LIT,    0,    1 )
( RET,    0,    1 ) // ret 1
( LAB,    0,    2 )
( LOD,    0,   -1 ) // n
( LIT,    0,    1 ) // 1
( OPR,    0,    3 ) // n-1
( CAL,    1,    1 ) // f(n-1)
( LIT,    0,    2 ) // 2
( OPR,    0,    4 ) // 2*f(n-1)
( LOD,    0,   -1 ) // n
( OPR,    0,    2 ) // 2*f(n-1)+n
( RET,    0,    1 ) 
